Build started 2022-01-24 오후 5:20:17.
     1>Project "C:\Users\lsh\Documents\Visual Studio 2012\Projects\LSH\LSH\LSH.vcxproj" on node 2 (Build target(s)).
     1>ClCompile:
         C:\Program Files (x86)\Microsoft Visual Studio 11.0\VC\bin\CL.exe /c /ZI /nologo /W3 /WX- /sdl /Od /Oy- /D WIN32 /D _WINDOWS /D _DEBUG /D _UNICODE /D UNICODE /D _AFXDLL /Gm /EHsc /RTC1 /MDd /GS /fp:precise /Zc:wchar_t /Zc:forScope /Yu"stdafx.h" /Fp"Debug\LSH.pch" /Fo"Debug\\" /Fd"Debug\vc110.pdb" /Gd /TP /analyze- /errorReport:prompt Idcheck.cpp Main.cpp Userdb.cpp
         Userdb.cpp
         Idcheck.cpp
         Generating Code...
         Skipping... (no relevant changes detected)
         Main.cpp
       ResourceCompile:
         C:\Program Files (x86)\Windows Kits\8.0\bin\x86\rc.exe /D _DEBUG /D _UNICODE /D UNICODE /D _AFXDLL /l"0x0409" /IDebug\ /nologo /fo"Debug\LSH.res" LSH.rc 
       Link:
         C:\Program Files (x86)\Microsoft Visual Studio 11.0\VC\bin\link.exe /ERRORREPORT:PROMPT /OUT:"C:\Users\lsh\Documents\Visual Studio 2012\Projects\LSH\Debug\LSH.exe" /INCREMENTAL /NOLOGO libpq.lib /MANIFEST /MANIFESTUAC:"level='asInvoker' uiAccess='false'" /manifest:embed /manifestinput:"C:\Program Files (x86)\Microsoft Visual Studio 11.0\VC\Include\Manifest\dpiaware.manifest" /DEBUG /PDB:"C:\Users\lsh\Documents\Visual Studio 2012\Projects\LSH\Debug\LSH.pdb" /SUBSYSTEM:WINDOWS /TLBID:1 /ENTRY:"wWinMainCRTStartup" /DYNAMICBASE /NXCOMPAT /IMPLIB:"C:\Users\lsh\Documents\Visual Studio 2012\Projects\LSH\Debug\LSH.lib" /MACHINE:X86 Debug\LSH.res
         Debug\Idcheck.obj
         Debug\LSH.obj
         Debug\LSHDlg.obj
         Debug\Main.obj
         Debug\Page1.obj
         Debug\Page2.obj
         Debug\stdafx.obj
         Debug\Userdb.obj
         LSH.vcxproj -> C:\Users\lsh\Documents\Visual Studio 2012\Projects\LSH\Debug\LSH.exe
     1>Done Building Project "C:\Users\lsh\Documents\Visual Studio 2012\Projects\LSH\LSH\LSH.vcxproj" (Build target(s)).

Build succeeded.

Time Elapsed 00:00:01.67
